  Building Custom Rule C:/DIO/YOLOv3/darknet/CMakeLists.txt
  Compiling CUDA source file ..\src\activation_kernels.cu...
  Compiling CUDA source file ..\src\avgpool_layer_kernels.cu...
  Compiling CUDA source file ..\src\blas_kernels.cu...
  Compiling CUDA source file ..\src\convolutional_kernels.cu...
  Compiling CUDA source file ..\src\col2im_kernels.cu...
  
  C:\DIO\YOLOv3\darknet\build>"C:\Program Files\NVIDIA GPU Computing Toolkit\CUDA\v12.6\bin\nvcc.exe"  --use-local-env -ccbin "C:\Program Files\Microsoft Visual Studio\2022\Community\VC\Tools\MSVC\14.39.33519\bin\HostX64\x64" -x cu   -IC:\DIO\YOLOv3\darknet\include -IC:\DIO\YOLOv3\darknet\src -IC:\DIO\YOLOv3\darknet\3rdparty\stb\include -IC:\DIO\YOLOv3\darknet\3rdparty\getopt -I"C:\Program Files\NVIDIA GPU Computing Toolkit\CUDA\v12.6\include" -IC:\opencv\build\include -IC:\DIO\YOLOv3\darknet\3rdparty\pthreads\include -I"C:\Program Files\NVIDIA GPU Computing Toolkit\CUDA\v12.6\include"     --keep-dir darknet\x64\Release  -maxrregcount=0   --machine 64 --compile -cudart shared -Wno-deprecated-declarations --generate-code=arch=compute_52,code=[compute_52,sm_52] -Xcompiler=",/nologo,/wd4013,/wd4018,/wd4028,/wd4047,/wd4068,/wd4090,/wd4101,/wd4113,/wd4133,/wd4190,/wd4244,/wd4267,/wd4305,/wd4477,/wd4996,/wd4819,/fp:fast,/DGPU,/DCUDA_OPENGL_INTEGRATION,/DCUDNN,/DOPENCV /EHsc -Ob2"   -D_WINDOWS -DNDEBUG -DUSE_CMAKE_LIBS -DCUDNN -DOPENCV -D_CRT_RAND_S -DNOMINMAX -D_USE_MATH_DEFINES -DGPU -DCUDA_OPENGL_INTEGRATION -D_TIMESPEC_DEFINED -D"CMAKE_INTDIR=\"Release\"" -D_MBCS -DWIN32 -D_WINDOWS -DNDEBUG -DUSE_CMAKE_LIBS -DCUDNN -DOPENCV -D_CRT_RAND_S -DNOMINMAX -D_USE_MATH_DEFINES -DGPU -DCUDA_OPENGL_INTEGRATION -D_TIMESPEC_DEFINED -D"CMAKE_INTDIR=\"Release\"" -Xcompiler "/EHsc /W1 /nologo /O2 /FS   /MD /GR" -Xcompiler "/Fddarknet.dir\Release\vc143.pdb" -o darknet.dir\Release\avgpool_layer_kernels.obj "C:\DIO\YOLOv3\darknet\src\avgpool_layer_kernels.cu" 
  
  C:\DIO\YOLOv3\darknet\build>"C:\Program Files\NVIDIA GPU Computing Toolkit\CUDA\v12.6\bin\nvcc.exe"  --use-local-env -ccbin "C:\Program Files\Microsoft Visual Studio\2022\Community\VC\Tools\MSVC\14.39.33519\bin\HostX64\x64" -x cu   -IC:\DIO\YOLOv3\darknet\include -IC:\DIO\YOLOv3\darknet\src -IC:\DIO\YOLOv3\darknet\3rdparty\stb\include -IC:\DIO\YOLOv3\darknet\3rdparty\getopt -I"C:\Program Files\NVIDIA GPU Computing Toolkit\CUDA\v12.6\include" -IC:\opencv\build\include -IC:\DIO\YOLOv3\darknet\3rdparty\pthreads\include -I"C:\Program Files\NVIDIA GPU Computing Toolkit\CUDA\v12.6\include"     --keep-dir darknet\x64\Release  -maxrregcount=0   --machine 64 --compile -cudart shared -Wno-deprecated-declarations --generate-code=arch=compute_52,code=[compute_52,sm_52] -Xcompiler=",/nologo,/wd4013,/wd4018,/wd4028,/wd4047,/wd4068,/wd4090,/wd4101,/wd4113,/wd4133,/wd4190,/wd4244,/wd4267,/wd4305,/wd4477,/wd4996,/wd4819,/fp:fast,/DGPU,/DCUDA_OPENGL_INTEGRATION,/DCUDNN,/DOPENCV /EHsc -Ob2"   -D_WINDOWS -DNDEBUG -DUSE_CMAKE_LIBS -DCUDNN -DOPENCV -D_CRT_RAND_S -DNOMINMAX -D_USE_MATH_DEFINES -DGPU -DCUDA_OPENGL_INTEGRATION -D_TIMESPEC_DEFINED -D"CMAKE_INTDIR=\"Release\"" -D_MBCS -DWIN32 -D_WINDOWS -DNDEBUG -DUSE_CMAKE_LIBS -DCUDNN -DOPENCV -D_CRT_RAND_S -DNOMINMAX -D_USE_MATH_DEFINES -DGPU -DCUDA_OPENGL_INTEGRATION -D_TIMESPEC_DEFINED -D"CMAKE_INTDIR=\"Release\"" -Xcompiler "/EHsc /W1 /nologo /O2 /FS   /MD /GR" -Xcompiler "/Fddarknet.dir\Release\vc143.pdb" -o darknet.dir\Release\activation_kernels.obj "C:\DIO\YOLOv3\darknet\src\activation_kernels.cu" 
  
  C:\DIO\YOLOv3\darknet\build>"C:\Program Files\NVIDIA GPU Computing Toolkit\CUDA\v12.6\bin\nvcc.exe"  --use-local-env -ccbin "C:\Program Files\Microsoft Visual Studio\2022\Community\VC\Tools\MSVC\14.39.33519\bin\HostX64\x64" -x cu   -IC:\DIO\YOLOv3\darknet\include -IC:\DIO\YOLOv3\darknet\src -IC:\DIO\YOLOv3\darknet\3rdparty\stb\include -IC:\DIO\YOLOv3\darknet\3rdparty\getopt -I"C:\Program Files\NVIDIA GPU Computing Toolkit\CUDA\v12.6\include" -IC:\opencv\build\include -IC:\DIO\YOLOv3\darknet\3rdparty\pthreads\include -I"C:\Program Files\NVIDIA GPU Computing Toolkit\CUDA\v12.6\include"     --keep-dir darknet\x64\Release  -maxrregcount=0   --machine 64 --compile -cudart shared -Wno-deprecated-declarations --generate-code=arch=compute_52,code=[compute_52,sm_52] -Xcompiler=",/nologo,/wd4013,/wd4018,/wd4028,/wd4047,/wd4068,/wd4090,/wd4101,/wd4113,/wd4133,/wd4190,/wd4244,/wd4267,/wd4305,/wd4477,/wd4996,/wd4819,/fp:fast,/DGPU,/DCUDA_OPENGL_INTEGRATION,/DCUDNN,/DOPENCV /EHsc -Ob2"   -D_WINDOWS -DNDEBUG -DUSE_CMAKE_LIBS -DCUDNN -DOPENCV -D_CRT_RAND_S -DNOMINMAX -D_USE_MATH_DEFINES -DGPU -DCUDA_OPENGL_INTEGRATION -D_TIMESPEC_DEFINED -D"CMAKE_INTDIR=\"Release\"" -D_MBCS -DWIN32 -D_WINDOWS -DNDEBUG -DUSE_CMAKE_LIBS -DCUDNN -DOPENCV -D_CRT_RAND_S -DNOMINMAX -D_USE_MATH_DEFINES -DGPU -DCUDA_OPENGL_INTEGRATION -D_TIMESPEC_DEFINED -D"CMAKE_INTDIR=\"Release\"" -Xcompiler "/EHsc /W1 /nologo /O2 /FS   /MD /GR" -Xcompiler "/Fddarknet.dir\Release\vc143.pdb" -o darknet.dir\Release\col2im_kernels.obj "C:\DIO\YOLOv3\darknet\src\col2im_kernels.cu" 
  
  C:\DIO\YOLOv3\darknet\build>"C:\Program Files\NVIDIA GPU Computing Toolkit\CUDA\v12.6\bin\nvcc.exe"  --use-local-env -ccbin "C:\Program Files\Microsoft Visual Studio\2022\Community\VC\Tools\MSVC\14.39.33519\bin\HostX64\x64" -x cu   -IC:\DIO\YOLOv3\darknet\include -IC:\DIO\YOLOv3\darknet\src -IC:\DIO\YOLOv3\darknet\3rdparty\stb\include -IC:\DIO\YOLOv3\darknet\3rdparty\getopt -I"C:\Program Files\NVIDIA GPU Computing Toolkit\CUDA\v12.6\include" -IC:\opencv\build\include -IC:\DIO\YOLOv3\darknet\3rdparty\pthreads\include -I"C:\Program Files\NVIDIA GPU Computing Toolkit\CUDA\v12.6\include"     --keep-dir darknet\x64\Release  -maxrregcount=0   --machine 64 --compile -cudart shared -Wno-deprecated-declarations --generate-code=arch=compute_52,code=[compute_52,sm_52] -Xcompiler=",/nologo,/wd4013,/wd4018,/wd4028,/wd4047,/wd4068,/wd4090,/wd4101,/wd4113,/wd4133,/wd4190,/wd4244,/wd4267,/wd4305,/wd4477,/wd4996,/wd4819,/fp:fast,/DGPU,/DCUDA_OPENGL_INTEGRATION,/DCUDNN,/DOPENCV /EHsc -Ob2"   -D_WINDOWS -DNDEBUG -DUSE_CMAKE_LIBS -DCUDNN -DOPENCV -D_CRT_RAND_S -DNOMINMAX -D_USE_MATH_DEFINES -DGPU -DCUDA_OPENGL_INTEGRATION -D_TIMESPEC_DEFINED -D"CMAKE_INTDIR=\"Release\"" -D_MBCS -DWIN32 -D_WINDOWS -DNDEBUG -DUSE_CMAKE_LIBS -DCUDNN -DOPENCV -D_CRT_RAND_S -DNOMINMAX -D_USE_MATH_DEFINES -DGPU -DCUDA_OPENGL_INTEGRATION -D_TIMESPEC_DEFINED -D"CMAKE_INTDIR=\"Release\"" -Xcompiler "/EHsc /W1 /nologo /O2 /FS   /MD /GR" -Xcompiler "/Fddarknet.dir\Release\vc143.pdb" -o darknet.dir\Release\convolutional_kernels.obj "C:\DIO\YOLOv3\darknet\src\convolutional_kernels.cu" 
  
  C:\DIO\YOLOv3\darknet\build>"C:\Program Files\NVIDIA GPU Computing Toolkit\CUDA\v12.6\bin\nvcc.exe"  --use-local-env -ccbin "C:\Program Files\Microsoft Visual Studio\2022\Community\VC\Tools\MSVC\14.39.33519\bin\HostX64\x64" -x cu   -IC:\DIO\YOLOv3\darknet\include -IC:\DIO\YOLOv3\darknet\src -IC:\DIO\YOLOv3\darknet\3rdparty\stb\include -IC:\DIO\YOLOv3\darknet\3rdparty\getopt -I"C:\Program Files\NVIDIA GPU Computing Toolkit\CUDA\v12.6\include" -IC:\opencv\build\include -IC:\DIO\YOLOv3\darknet\3rdparty\pthreads\include -I"C:\Program Files\NVIDIA GPU Computing Toolkit\CUDA\v12.6\include"     --keep-dir darknet\x64\Release  -maxrregcount=0   --machine 64 --compile -cudart shared -Wno-deprecated-declarations --generate-code=arch=compute_52,code=[compute_52,sm_52] -Xcompiler=",/nologo,/wd4013,/wd4018,/wd4028,/wd4047,/wd4068,/wd4090,/wd4101,/wd4113,/wd4133,/wd4190,/wd4244,/wd4267,/wd4305,/wd4477,/wd4996,/wd4819,/fp:fast,/DGPU,/DCUDA_OPENGL_INTEGRATION,/DCUDNN,/DOPENCV /EHsc -Ob2"   -D_WINDOWS -DNDEBUG -DUSE_CMAKE_LIBS -DCUDNN -DOPENCV -D_CRT_RAND_S -DNOMINMAX -D_USE_MATH_DEFINES -DGPU -DCUDA_OPENGL_INTEGRATION -D_TIMESPEC_DEFINED -D"CMAKE_INTDIR=\"Release\"" -D_MBCS -DWIN32 -D_WINDOWS -DNDEBUG -DUSE_CMAKE_LIBS -DCUDNN -DOPENCV -D_CRT_RAND_S -DNOMINMAX -D_USE_MATH_DEFINES -DGPU -DCUDA_OPENGL_INTEGRATION -D_TIMESPEC_DEFINED -D"CMAKE_INTDIR=\"Release\"" -Xcompiler "/EHsc /W1 /nologo /O2 /FS   /MD /GR" -Xcompiler "/Fddarknet.dir\Release\vc143.pdb" -o darknet.dir\Release\blas_kernels.obj "C:\DIO\YOLOv3\darknet\src\blas_kernels.cu" 
  avgpool_layer_kernels.cu
  col2im_kernels.cu
  convolutional_kernels.cu
  activation_kernels.cu
  tmpxft_00006f8c_00000000-7_col2im_kernels.cudafe1.cpp
  tmpxft_000061a0_00000000-7_avgpool_layer_kernels.cudafe1.cpp
  tmpxft_000064a8_00000000-7_activation_kernels.cudafe1.cpp
  tmpxft_00006f94_00000000-7_convolutional_kernels.cudafe1.cpp
  blas_kernels.cu
  tmpxft_00006218_00000000-7_blas_kernels.cudafe1.cpp
  Compiling CUDA source file ..\src\crop_layer_kernels.cu...
  Compiling CUDA source file ..\src\deconvolutional_kernels.cu...
  
  C:\DIO\YOLOv3\darknet\build>"C:\Program Files\NVIDIA GPU Computing Toolkit\CUDA\v12.6\bin\nvcc.exe"  --use-local-env -ccbin "C:\Program Files\Microsoft Visual Studio\2022\Community\VC\Tools\MSVC\14.39.33519\bin\HostX64\x64" -x cu   -IC:\DIO\YOLOv3\darknet\include -IC:\DIO\YOLOv3\darknet\src -IC:\DIO\YOLOv3\darknet\3rdparty\stb\include -IC:\DIO\YOLOv3\darknet\3rdparty\getopt -I"C:\Program Files\NVIDIA GPU Computing Toolkit\CUDA\v12.6\include" -IC:\opencv\build\include -IC:\DIO\YOLOv3\darknet\3rdparty\pthreads\include -I"C:\Program Files\NVIDIA GPU Computing Toolkit\CUDA\v12.6\include"     --keep-dir darknet\x64\Release  -maxrregcount=0   --machine 64 --compile -cudart shared -Wno-deprecated-declarations --generate-code=arch=compute_52,code=[compute_52,sm_52] -Xcompiler=",/nologo,/wd4013,/wd4018,/wd4028,/wd4047,/wd4068,/wd4090,/wd4101,/wd4113,/wd4133,/wd4190,/wd4244,/wd4267,/wd4305,/wd4477,/wd4996,/wd4819,/fp:fast,/DGPU,/DCUDA_OPENGL_INTEGRATION,/DCUDNN,/DOPENCV /EHsc -Ob2"   -D_WINDOWS -DNDEBUG -DUSE_CMAKE_LIBS -DCUDNN -DOPENCV -D_CRT_RAND_S -DNOMINMAX -D_USE_MATH_DEFINES -DGPU -DCUDA_OPENGL_INTEGRATION -D_TIMESPEC_DEFINED -D"CMAKE_INTDIR=\"Release\"" -D_MBCS -DWIN32 -D_WINDOWS -DNDEBUG -DUSE_CMAKE_LIBS -DCUDNN -DOPENCV -D_CRT_RAND_S -DNOMINMAX -D_USE_MATH_DEFINES -DGPU -DCUDA_OPENGL_INTEGRATION -D_TIMESPEC_DEFINED -D"CMAKE_INTDIR=\"Release\"" -Xcompiler "/EHsc /W1 /nologo /O2 /FS   /MD /GR" -Xcompiler "/Fddarknet.dir\Release\vc143.pdb" -o darknet.dir\Release\crop_layer_kernels.obj "C:\DIO\YOLOv3\darknet\src\crop_layer_kernels.cu" 
  
  C:\DIO\YOLOv3\darknet\build>"C:\Program Files\NVIDIA GPU Computing Toolkit\CUDA\v12.6\bin\nvcc.exe"  --use-local-env -ccbin "C:\Program Files\Microsoft Visual Studio\2022\Community\VC\Tools\MSVC\14.39.33519\bin\HostX64\x64" -x cu   -IC:\DIO\YOLOv3\darknet\include -IC:\DIO\YOLOv3\darknet\src -IC:\DIO\YOLOv3\darknet\3rdparty\stb\include -IC:\DIO\YOLOv3\darknet\3rdparty\getopt -I"C:\Program Files\NVIDIA GPU Computing Toolkit\CUDA\v12.6\include" -IC:\opencv\build\include -IC:\DIO\YOLOv3\darknet\3rdparty\pthreads\include -I"C:\Program Files\NVIDIA GPU Computing Toolkit\CUDA\v12.6\include"     --keep-dir darknet\x64\Release  -maxrregcount=0   --machine 64 --compile -cudart shared -Wno-deprecated-declarations --generate-code=arch=compute_52,code=[compute_52,sm_52] -Xcompiler=",/nologo,/wd4013,/wd4018,/wd4028,/wd4047,/wd4068,/wd4090,/wd4101,/wd4113,/wd4133,/wd4190,/wd4244,/wd4267,/wd4305,/wd4477,/wd4996,/wd4819,/fp:fast,/DGPU,/DCUDA_OPENGL_INTEGRATION,/DCUDNN,/DOPENCV /EHsc -Ob2"   -D_WINDOWS -DNDEBUG -DUSE_CMAKE_LIBS -DCUDNN -DOPENCV -D_CRT_RAND_S -DNOMINMAX -D_USE_MATH_DEFINES -DGPU -DCUDA_OPENGL_INTEGRATION -D_TIMESPEC_DEFINED -D"CMAKE_INTDIR=\"Release\"" -D_MBCS -DWIN32 -D_WINDOWS -DNDEBUG -DUSE_CMAKE_LIBS -DCUDNN -DOPENCV -D_CRT_RAND_S -DNOMINMAX -D_USE_MATH_DEFINES -DGPU -DCUDA_OPENGL_INTEGRATION -D_TIMESPEC_DEFINED -D"CMAKE_INTDIR=\"Release\"" -Xcompiler "/EHsc /W1 /nologo /O2 /FS   /MD /GR" -Xcompiler "/Fddarknet.dir\Release\vc143.pdb" -o darknet.dir\Release\deconvolutional_kernels.obj "C:\DIO\YOLOv3\darknet\src\deconvolutional_kernels.cu" 
  Compiling CUDA source file ..\src\dropout_layer_kernels.cu...
  Compiling CUDA source file ..\src\im2col_kernels.cu...
  
  C:\DIO\YOLOv3\darknet\build>"C:\Program Files\NVIDIA GPU Computing Toolkit\CUDA\v12.6\bin\nvcc.exe"  --use-local-env -ccbin "C:\Program Files\Microsoft Visual Studio\2022\Community\VC\Tools\MSVC\14.39.33519\bin\HostX64\x64" -x cu   -IC:\DIO\YOLOv3\darknet\include -IC:\DIO\YOLOv3\darknet\src -IC:\DIO\YOLOv3\darknet\3rdparty\stb\include -IC:\DIO\YOLOv3\darknet\3rdparty\getopt -I"C:\Program Files\NVIDIA GPU Computing Toolkit\CUDA\v12.6\include" -IC:\opencv\build\include -IC:\DIO\YOLOv3\darknet\3rdparty\pthreads\include -I"C:\Program Files\NVIDIA GPU Computing Toolkit\CUDA\v12.6\include"     --keep-dir darknet\x64\Release  -maxrregcount=0   --machine 64 --compile -cudart shared -Wno-deprecated-declarations --generate-code=arch=compute_52,code=[compute_52,sm_52] -Xcompiler=",/nologo,/wd4013,/wd4018,/wd4028,/wd4047,/wd4068,/wd4090,/wd4101,/wd4113,/wd4133,/wd4190,/wd4244,/wd4267,/wd4305,/wd4477,/wd4996,/wd4819,/fp:fast,/DGPU,/DCUDA_OPENGL_INTEGRATION,/DCUDNN,/DOPENCV /EHsc -Ob2"   -D_WINDOWS -DNDEBUG -DUSE_CMAKE_LIBS -DCUDNN -DOPENCV -D_CRT_RAND_S -DNOMINMAX -D_USE_MATH_DEFINES -DGPU -DCUDA_OPENGL_INTEGRATION -D_TIMESPEC_DEFINED -D"CMAKE_INTDIR=\"Release\"" -D_MBCS -DWIN32 -D_WINDOWS -DNDEBUG -DUSE_CMAKE_LIBS -DCUDNN -DOPENCV -D_CRT_RAND_S -DNOMINMAX -D_USE_MATH_DEFINES -DGPU -DCUDA_OPENGL_INTEGRATION -D_TIMESPEC_DEFINED -D"CMAKE_INTDIR=\"Release\"" -Xcompiler "/EHsc /W1 /nologo /O2 /FS   /MD /GR" -Xcompiler "/Fddarknet.dir\Release\vc143.pdb" -o darknet.dir\Release\dropout_layer_kernels.obj "C:\DIO\YOLOv3\darknet\src\dropout_layer_kernels.cu" 
  Compiling CUDA source file ..\src\maxpool_layer_kernels.cu...
  
  C:\DIO\YOLOv3\darknet\build>"C:\Program Files\NVIDIA GPU Computing Toolkit\CUDA\v12.6\bin\nvcc.exe"  --use-local-env -ccbin "C:\Program Files\Microsoft Visual Studio\2022\Community\VC\Tools\MSVC\14.39.33519\bin\HostX64\x64" -x cu   -IC:\DIO\YOLOv3\darknet\include -IC:\DIO\YOLOv3\darknet\src -IC:\DIO\YOLOv3\darknet\3rdparty\stb\include -IC:\DIO\YOLOv3\darknet\3rdparty\getopt -I"C:\Program Files\NVIDIA GPU Computing Toolkit\CUDA\v12.6\include" -IC:\opencv\build\include -IC:\DIO\YOLOv3\darknet\3rdparty\pthreads\include -I"C:\Program Files\NVIDIA GPU Computing Toolkit\CUDA\v12.6\include"     --keep-dir darknet\x64\Release  -maxrregcount=0   --machine 64 --compile -cudart shared -Wno-deprecated-declarations --generate-code=arch=compute_52,code=[compute_52,sm_52] -Xcompiler=",/nologo,/wd4013,/wd4018,/wd4028,/wd4047,/wd4068,/wd4090,/wd4101,/wd4113,/wd4133,/wd4190,/wd4244,/wd4267,/wd4305,/wd4477,/wd4996,/wd4819,/fp:fast,/DGPU,/DCUDA_OPENGL_INTEGRATION,/DCUDNN,/DOPENCV /EHsc -Ob2"   -D_WINDOWS -DNDEBUG -DUSE_CMAKE_LIBS -DCUDNN -DOPENCV -D_CRT_RAND_S -DNOMINMAX -D_USE_MATH_DEFINES -DGPU -DCUDA_OPENGL_INTEGRATION -D_TIMESPEC_DEFINED -D"CMAKE_INTDIR=\"Release\"" -D_MBCS -DWIN32 -D_WINDOWS -DNDEBUG -DUSE_CMAKE_LIBS -DCUDNN -DOPENCV -D_CRT_RAND_S -DNOMINMAX -D_USE_MATH_DEFINES -DGPU -DCUDA_OPENGL_INTEGRATION -D_TIMESPEC_DEFINED -D"CMAKE_INTDIR=\"Release\"" -Xcompiler "/EHsc /W1 /nologo /O2 /FS   /MD /GR" -Xcompiler "/Fddarknet.dir\Release\vc143.pdb" -o darknet.dir\Release\im2col_kernels.obj "C:\DIO\YOLOv3\darknet\src\im2col_kernels.cu" 
  Compiling CUDA source file ..\src\network_kernels.cu...
  crop_layer_kernels.cu
  deconvolutional_kernels.cu
  
  C:\DIO\YOLOv3\darknet\build>"C:\Program Files\NVIDIA GPU Computing Toolkit\CUDA\v12.6\bin\nvcc.exe"  --use-local-env -ccbin "C:\Program Files\Microsoft Visual Studio\2022\Community\VC\Tools\MSVC\14.39.33519\bin\HostX64\x64" -x cu   -IC:\DIO\YOLOv3\darknet\include -IC:\DIO\YOLOv3\darknet\src -IC:\DIO\YOLOv3\darknet\3rdparty\stb\include -IC:\DIO\YOLOv3\darknet\3rdparty\getopt -I"C:\Program Files\NVIDIA GPU Computing Toolkit\CUDA\v12.6\include" -IC:\opencv\build\include -IC:\DIO\YOLOv3\darknet\3rdparty\pthreads\include -I"C:\Program Files\NVIDIA GPU Computing Toolkit\CUDA\v12.6\include"     --keep-dir darknet\x64\Release  -maxrregcount=0   --machine 64 --compile -cudart shared -Wno-deprecated-declarations --generate-code=arch=compute_52,code=[compute_52,sm_52] -Xcompiler=",/nologo,/wd4013,/wd4018,/wd4028,/wd4047,/wd4068,/wd4090,/wd4101,/wd4113,/wd4133,/wd4190,/wd4244,/wd4267,/wd4305,/wd4477,/wd4996,/wd4819,/fp:fast,/DGPU,/DCUDA_OPENGL_INTEGRATION,/DCUDNN,/DOPENCV /EHsc -Ob2"   -D_WINDOWS -DNDEBUG -DUSE_CMAKE_LIBS -DCUDNN -DOPENCV -D_CRT_RAND_S -DNOMINMAX -D_USE_MATH_DEFINES -DGPU -DCUDA_OPENGL_INTEGRATION -D_TIMESPEC_DEFINED -D"CMAKE_INTDIR=\"Release\"" -D_MBCS -DWIN32 -D_WINDOWS -DNDEBUG -DUSE_CMAKE_LIBS -DCUDNN -DOPENCV -D_CRT_RAND_S -DNOMINMAX -D_USE_MATH_DEFINES -DGPU -DCUDA_OPENGL_INTEGRATION -D_TIMESPEC_DEFINED -D"CMAKE_INTDIR=\"Release\"" -Xcompiler "/EHsc /W1 /nologo /O2 /FS   /MD /GR" -Xcompiler "/Fddarknet.dir\Release\vc143.pdb" -o darknet.dir\Release\maxpool_layer_kernels.obj "C:\DIO\YOLOv3\darknet\src\maxpool_layer_kernels.cu" 
  tmpxft_0000712c_00000000-7_crop_layer_kernels.cudafe1.cpp
  
  C:\DIO\YOLOv3\darknet\build>"C:\Program Files\NVIDIA GPU Computing Toolkit\CUDA\v12.6\bin\nvcc.exe"  --use-local-env -ccbin "C:\Program Files\Microsoft Visual Studio\2022\Community\VC\Tools\MSVC\14.39.33519\bin\HostX64\x64" -x cu   -IC:\DIO\YOLOv3\darknet\include -IC:\DIO\YOLOv3\darknet\src -IC:\DIO\YOLOv3\darknet\3rdparty\stb\include -IC:\DIO\YOLOv3\darknet\3rdparty\getopt -I"C:\Program Files\NVIDIA GPU Computing Toolkit\CUDA\v12.6\include" -IC:\opencv\build\include -IC:\DIO\YOLOv3\darknet\3rdparty\pthreads\include -I"C:\Program Files\NVIDIA GPU Computing Toolkit\CUDA\v12.6\include"     --keep-dir darknet\x64\Release  -maxrregcount=0   --machine 64 --compile -cudart shared -Wno-deprecated-declarations --generate-code=arch=compute_52,code=[compute_52,sm_52] -Xcompiler=",/nologo,/wd4013,/wd4018,/wd4028,/wd4047,/wd4068,/wd4090,/wd4101,/wd4113,/wd4133,/wd4190,/wd4244,/wd4267,/wd4305,/wd4477,/wd4996,/wd4819,/fp:fast,/DGPU,/DCUDA_OPENGL_INTEGRATION,/DCUDNN,/DOPENCV /EHsc -Ob2"   -D_WINDOWS -DNDEBUG -DUSE_CMAKE_LIBS -DCUDNN -DOPENCV -D_CRT_RAND_S -DNOMINMAX -D_USE_MATH_DEFINES -DGPU -DCUDA_OPENGL_INTEGRATION -D_TIMESPEC_DEFINED -D"CMAKE_INTDIR=\"Release\"" -D_MBCS -DWIN32 -D_WINDOWS -DNDEBUG -DUSE_CMAKE_LIBS -DCUDNN -DOPENCV -D_CRT_RAND_S -DNOMINMAX -D_USE_MATH_DEFINES -DGPU -DCUDA_OPENGL_INTEGRATION -D_TIMESPEC_DEFINED -D"CMAKE_INTDIR=\"Release\"" -Xcompiler "/EHsc /W1 /nologo /O2 /FS   /MD /GR" -Xcompiler "/Fddarknet.dir\Release\vc143.pdb" -o darknet.dir\Release\network_kernels.obj "C:\DIO\YOLOv3\darknet\src\network_kernels.cu" 
  tmpxft_0000651c_00000000-7_deconvolutional_kernels.cudafe1.cpp
  dropout_layer_kernels.cu
  tmpxft_000070f4_00000000-7_dropout_layer_kernels.cudafe1.cpp
  maxpool_layer_kernels.cu
  im2col_kernels.cu
  network_kernels.cu
  tmpxft_00006edc_00000000-7_maxpool_layer_kernels.cudafe1.cpp
  tmpxft_00004098_00000000-7_im2col_kernels.cudafe1.cpp
  tmpxft_00005ff4_00000000-7_network_kernels.cudafe1.cpp
  darknet.c
  activation_layer.c
  activations.c
  art.c
  avgpool_layer.c
  batchnorm_layer.c
  blas.c
  box.c
  captcha.c
  cifar.c
  classifier.c
  coco.c
  col2im.c
  compare.c
  connected_layer.c
  conv_lstm_layer.c
  convolutional_layer.c
  cost_layer.c
  cpu_gemm.c
  crnn_layer.c
  Generating Code...
  Compiling...
  crop_layer.c
  dark_cuda.c
  data.c
  deconvolutional_layer.c
  demo.c
  detection_layer.c
  detector.c
  dice.c
  dropout_layer.c
  gaussian_yolo_layer.c
  gemm.c
  gettimeofday.c
  go.c
  gru_layer.c
  im2col.c
  image.c
  layer.c
  list.c
  local_layer.c
  lstm_layer.c
  Generating Code...
  Compiling...
  matrix.c
  maxpool_layer.c
  network.c
  nightmare.c
  normalization_layer.c
  option_list.c
  parser.c
  region_layer.c
  reorg_layer.c
  reorg_old_layer.c
  representation_layer.c
  rnn.c
  rnn_layer.c
  rnn_vid.c
  route_layer.c
  sam_layer.c
  scale_channels_layer.c
  shortcut_layer.c
  softmax_layer.c
  super.c
  Generating Code...
  Compiling...
  swag.c
  tag.c
  tree.c
  upsample_layer.c
  utils.c
  voxel.c
  writing.c
  yolo.c
  yolo_layer.c
  getopt.c
  Generating Code...
  http_stream.cpp
  image_opencv.cpp
  Generating Code...
  darknet.vcxproj -> C:\DIO\YOLOv3\darknet\build\Release\darknet.exe
